2026-03-10 16:50:37, MOVE, v:1, k:sandbox@user_001, mode:PICK
2026-03-10 16:51:23, MOVE, v:1, k:sandbox@user_001, mode:BACK
2026-03-10 17:03:06, MOVE, v:1, k:sandbox@user_002, mode:PICK
2026-03-10 17:04:51, MOVE, v:1, k:sandbox@user_002, mode:BACK
2026-03-10 17:13:20, MOVE, v:1, k:sandbox@user_002, mode:PICK
2026-03-10 17:13:22, EXEC, v:1, k:sandbox@user_002, mode:LOCK, rate:0, size:5
2026-03-10 17:13:24, EXEC, v:1, k:sandbox@user_002, mode:LOCK, rate:0
2026-03-10 17:14:47, EXEC, v:1, k:sandbox@user_002, mode:FREE, size:5
2026-03-10 17:15:06, EXEC, v:1, k:sandbox@user_002, mode:LOCK, rate:0
2026-03-10 17:15:08, EXEC, v:1, k:sandbox@user_002, mode:LOCK, rate:0
2026-03-10 17:15:08, EXEC, v:1, k:sandbox@user_002, mode:LOCK, rate:0
2026-03-10 17:19:26, EXEC, v:1, k:sandbox@user_002, mode:FULL, rate:0
2026-03-10 17:20:03, EXEC, v:1, k:sandbox@user_002, mode:FULL, rate:0, size:6
2026-03-10 17:31:45, EXEC, v:1, k:sandbox@user_002, mode:FULL, rate:0, size:9
2026-03-10 17:40:12, EXEC, v:1, k:sandbox@user_002, mode:FULL, rate:0, size:8
2026-03-10 17:40:43, EXEC, v:1, k:sandbox@user_002, mode:FULL, rate:0, size:10
2026-03-10 17:41:21, EXEC, v:1, k:sandbox@user_002, mode:FULL, rate:0, size:10
2026-03-10 17:43:11, EXEC, v:1, k:sandbox@user_002, mode:FULL, rate:0, size:11
2026-03-10 17:52:52, EXEC, v:1, k:sandbox@user_002, mode:FREE, size:13
2026-03-10 17:54:22, EXEC, v:1, k:sandbox@user_002, mode:FULL, rate:0, size:11
2026-03-10 17:55:42, EXEC, v:1, k:sandbox@user_002, mode:FULL, rate:0, size:10
2026-03-10 17:57:09, EXEC, v:1, k:sandbox@user_002, mode:FULL, rate:0, size:9
2026-03-10 17:57:18, EXEC, v:1, k:sandbox@user_002, mode:FULL, rate:0, size:9
2026-03-10 17:57:45, EXEC, v:1, k:sandbox@user_002, mode:FULL, rate:100, size:10
2026-03-10 17:58:33, MOVE, v:1, k:sandbox@user_002, mode:BACK
2026-03-10 18:04:25, MOVE, v:1, k:fub@tres, mode:DOWN
2026-03-10 18:04:42, MOVE, v:1, k:fub@tres, mode:PICK
2026-03-10 18:04:44, EXEC, v:1, k:fub@tres, mode:FULL, rate:0, size:5
2026-03-10 18:05:02, EXEC, v:1, k:fub@tres, mode:FREE
2026-03-10 18:06:16, EXEC, v:1, k:fub@tres, mode:FULL, rate:0
2026-03-10 18:06:17, EXEC, v:1, k:fub@tres, mode:FULL, rate:0
2026-03-10 18:06:34, EXEC, v:1, k:fub@tres, mode:FREE
2026-03-10 18:11:36, EXEC, v:1, k:fub@tres, mode:FULL, rate:0, size:8
2026-03-10 18:12:44, EXEC, v:1, k:fub@tres, mode:FULL, rate:100, size:8
2026-03-10 18:13:01, MOVE, v:1, k:fub@tres, mode:BACK
2026-03-10 18:13:10, MOVE, v:1, k:fub@resto, mode:DOWN
2026-03-10 18:13:14, MOVE, v:1, k:fub@resto, mode:PICK
2026-03-10 18:13:16, EXEC, v:1, k:fub@resto, mode:FULL, rate:0, size:5
2026-03-10 18:20:30, EXEC, v:1, k:fub@resto, mode:FULL, rate:0, size:7
2026-03-10 18:20:35, EXEC, v:1, k:fub@resto, mode:FULL, size:7, fail:COMP
2026-03-10 18:20:43, EXEC, v:1, k:fub@resto, mode:FULL, rate:0, size:7
2026-03-10 18:21:50, EXEC, v:1, k:fub@resto, mode:FULL, rate:0
2026-03-10 18:22:04, EXEC, v:1, k:fub@resto, mode:FULL, rate:0, size:7
2026-03-10 18:22:36, MOVE, v:1, k:fub@resto, mode:BACK
2026-03-10 18:22:43, MOVE, v:1, k:fub@media, mode:DOWN
2026-03-10 18:22:44, MOVE, v:1, k:fub@media, mode:PICK
2026-03-10 18:22:45, EXEC, v:1, k:fub@media, mode:FULL, rate:0, size:5
2026-03-10 18:25:42, MOVE, v:1, k:fub@media, mode:BACK
2026-03-10 18:27:44, SELF, v:1, k:fub@tres, self:1, rate:100, guided:1
